# This image was built using coreboot coreboot-unknown.9999.78153c3
CONFIG_VENDOR_GOOGLE=y
CONFIG_CHROMEOS=y
CONFIG_FATAL_ASSERTS=y
CONFIG_INTEL_GMA_VBT_FILE="3rdparty/blobs/mainboard/google/nissa/vbt-pujjoga.bin"
CONFIG_IFD_BIN_PATH="3rdparty/blobs/mainboard/google/nissa/descriptor-pujjoga.bin"
CONFIG_ME_BIN_PATH="3rdparty/blobs/mainboard/google/nissa/csme-pujjoga.bin"
CONFIG_BOARD_GOOGLE_PUJJOGA=y
CONFIG_ELOG_BOOT_COUNT_CMOS_OFFSET=144
CONFIG_HAVE_IFD_BIN=y
CONFIG_FSP_M_FILE="3rdparty/blobs/intel/adln/fsp/fspm.bin"
CONFIG_FSP_S_FILE="3rdparty/blobs/intel/adln/fsp/fsps.bin"
CONFIG_FSP_HEADER_PATH="3rdparty/blobs/intel/adln/fsp/FullHeader/Include/"
CONFIG_SOC_INTEL_CSE_RW_UPDATE=y
CONFIG_SOC_INTEL_CSE_RW_FILE="3rdparty/blobs/mainboard/google/nissa/me_rw-pujjoga.bin"
CONFIG_SOC_INTEL_CSE_RW_VERSION="16.50.20.1649"
CONFIG_CPU_MICROCODE_CBFS_EXTERNAL_BINS=y
CONFIG_CPU_UCODE_BINARIES="3rdparty/blobs/mainboard/google/nissa/ucode-pujjoga.bin"
CONFIG_HAVE_ME_BIN=y
CONFIG_ELOG_GSMI=y
CONFIG_ELOG_BOOT_COUNT=y
CONFIG_ADD_FSP_BINARIES=y
CONFIG_VBOOT_FWID_VERSION=".16562.0.0"
CONFIG_GBB_FLAG_DEV_SCREEN_SHORT_DELAY=y
CONFIG_GBB_FLAG_FORCE_DEV_SWITCH_ON=y
CONFIG_PAYLOAD_NONE=y
# End of defconfig. Derivable values start here.
CONFIG_LOCALVERSION=""
CONFIG_CBFS_PREFIX="fallback"
CONFIG_COMPILER_GCC=y
CONFIG_USE_CBFS_FILE_OPTION_BACKEND=y
CONFIG_COMPRESS_RAMSTAGE_LZMA=y
CONFIG_SEPARATE_ROMSTAGE=y
CONFIG_INCLUDE_CONFIG_FILE=y
CONFIG_COLLECT_TIMESTAMPS=y
CONFIG_USE_BLOBS=y
CONFIG_HAVE_ASAN_IN_RAMSTAGE=y
CONFIG_NO_STAGE_CACHE=y
CONFIG_MAINBOARD_DISABLE_STAGE_CACHE=y
CONFIG_FW_CONFIG=y
CONFIG_FW_CONFIG_SOURCE_CHROMEEC_CBI=y
CONFIG_MAINBOARD_FAMILY="Google_Nissa"
CONFIG_MAINBOARD_PART_NUMBER="Pujjoga"
CONFIG_MAINBOARD_VERSION="1.0"
CONFIG_MAINBOARD_DIR="google/brya"
CONFIG_DIMM_MAX=4
CONFIG_DIMM_SPD_SIZE=512
CONFIG_FMDFILE="src/mainboard/$(CONFIG_MAINBOARD_DIR)/chromeos-16MiB.fmd"
CONFIG_MAINBOARD_VENDOR="Google"
CONFIG_CBFS_SIZE=0x400000
CONFIG_CONSOLE_SERIAL=y
CONFIG_MAX_CPUS=24
CONFIG_POST_DEVICE=y
CONFIG_POST_IO=y
CONFIG_UART_FOR_CONSOLE=0
CONFIG_VARIANT_DIR="pujjoga"
CONFIG_OVERRIDE_DEVICETREE="variants/$(CONFIG_VARIANT_DIR)/overridetree.cb"
CONFIG_DEVICETREE="variants/baseboard/$(CONFIG_BASEBOARD_DIR)/devicetree.cb"
CONFIG_VBOOT=y
CONFIG_VBOOT_VBNV_OFFSET=0x26
CONFIG_RO_REGION_ONLY=""
CONFIG_PCIEXP_ASPM=y
CONFIG_PCIEXP_L1_SUB_STATE=y
CONFIG_PCIEXP_CLK_PM=y
CONFIG_MAINBOARD_SMBIOS_MANUFACTURER="Google"
CONFIG_ECAM_MMCONF_BASE_ADDRESS=0xc0000000
CONFIG_ECAM_MMCONF_BUS_NUMBER=256
CONFIG_MEMLAYOUT_LD_FILE="src/arch/x86/memlayout.ld"
CONFIG_PRERAM_CBMEM_CONSOLE_SIZE=0x4000
CONFIG_MAINBOARD_SMBIOS_PRODUCT_NAME="Pujjoga"
CONFIG_MAX_SOCKET=1
CONFIG_BOOT_DEVICE_SPI_FLASH_BUS=0
CONFIG_VBOOT_SLOTS_RW_A=y
CONFIG_DCACHE_RAM_BASE=0xfef00000
CONFIG_DCACHE_RAM_SIZE=0xc0000
CONFIG_C_ENV_BOOTBLOCK_SIZE=0x40000
CONFIG_DCACHE_BSP_STACK_SIZE=0x88000
CONFIG_MAX_ACPI_TABLE_SIZE_KB=144
CONFIG_HAVE_INTEL_FIRMWARE=y
CONFIG_RW_REGION_ONLY=""
CONFIG_MRC_SETTINGS_CACHE_SIZE=0x10000
CONFIG_DRIVERS_INTEL_WIFI=y
CONFIG_CONSOLE_CBMEM_BUFFER_SIZE=0x40000
CONFIG_DRIVER_TPM_I2C_BUS=0x9
CONFIG_DRIVER_TPM_I2C_ADDR=0x50
CONFIG_BASEBOARD_DIR="nissa"
CONFIG_CHROMEOS_WIFI_SAR=y
CONFIG_HAVE_WWAN_POWER_SEQUENCE=y
CONFIG_MEMORY_SOLDERDOWN=y
CONFIG_PCIEXP_DEFAULT_MAX_RESIZABLE_BAR_BITS=33
CONFIG_BOARD_GOOGLE_BRYA_COMMON=y
CONFIG_BOARD_GOOGLE_BASEBOARD_NISSA=y
CONFIG_USE_ADL_ENEM=y
CONFIG_POWER_OFF_ON_CR50_UPDATE=y
CONFIG_VBOOT_FWID_MODEL="Google_$(CONFIG_MAINBOARD_PART_NUMBER)"
CONFIG_VBOOT_STARTS_IN_BOOTBLOCK=y
CONFIG_CARDBUS_PLUGIN_SUPPORT=y
CONFIG_SPI_FLASH_DONT_INCLUDE_ALL_DRIVERS=y
CONFIG_VBOOT_GSCVD=y
CONFIG_SOC_INTEL_CSE_LITE_SKU=y
CONFIG_GBB_HWID=""
CONFIG_VBOOT_SLOTS_RW_AB=y
CONFIG_PS2K_EISAID="PNP0303"
CONFIG_PS2M_EISAID="PNP0F13"
CONFIG_GFX_GMA_PANEL_1_PORT="eDP"
CONFIG_TTYS0_BAUD=115200
CONFIG_POWER_STATE_DEFAULT_ON_AFTER_FAILURE=y
CONFIG_D3COLD_SUPPORT=y
CONFIG_GFX_GMA_PANEL_1_ON_EDP=y
CONFIG_PC_CMOS_BASE_PORT_BANK1=0x72
CONFIG_FSP_TEMP_RAM_SIZE=0x20000
CONFIG_HEAP_SIZE=0x100000
CONFIG_BOARD_ROMSIZE_KB_16384=y
CONFIG_COREBOOT_ROMSIZE_KB_16384=y
CONFIG_COREBOOT_ROMSIZE_KB=16384
CONFIG_ROM_SIZE=0x01000000
CONFIG_HAVE_POWER_STATE_AFTER_FAILURE=y
CONFIG_HAVE_POWER_STATE_PREVIOUS_AFTER_FAILURE=y
CONFIG_POWER_STATE_ON_AFTER_FAILURE=y
CONFIG_MAINBOARD_POWER_FAILURE_STATE=1
CONFIG_SYSTEM_TYPE_LAPTOP=y
CONFIG_CHIPSET_DEVICETREE="soc/intel/alderlake/chipset.cb"
CONFIG_CBFS_MCACHE_SIZE=0x4000
CONFIG_ROMSTAGE_ADDR=0x2000000
CONFIG_VERSTAGE_ADDR=0x2000000
CONFIG_CONSOLE_UART_BASE_ADDRESS=0xfe03e000
CONFIG_SMM_TSEG_SIZE=0x800000
CONFIG_SMM_RESERVED_SIZE=0x200000
CONFIG_SMM_MODULE_STACK_SIZE=0x800
CONFIG_ACPI_BERT=y
CONFIG_ACPI_BERT_SIZE=0x10000
CONFIG_DRIVERS_I2C_DESIGNWARE_CLOCK_MHZ=133
CONFIG_VBOOT_HASH_BLOCK_SIZE=0x1000
CONFIG_RWA_REGION_ONLY=""
CONFIG_RWB_REGION_ONLY=""
CONFIG_CPU_PT_ROM_MAP_GB=512
CONFIG_PRERAM_CBFS_CACHE_SIZE=0x4000
CONFIG_DOMAIN_RESOURCE_32BIT_LIMIT=0xe0000000
CONFIG_ACPI_CPU_STRING="CP%02X"
CONFIG_STACK_SIZE=0x2000
CONFIG_SOC_INTEL_ALDERLAKE=y
CONFIG_SOC_INTEL_ALDERLAKE_PCH_N=y
CONFIG_SOC_INTEL_ALDERLAKE_TCSS_USB4_SUPPORT=y
CONFIG_ALDERLAKE_CAR_ENHANCED_NEM=y
CONFIG_EXT_BIOS_WIN_BASE=0xf8000000
CONFIG_EXT_BIOS_WIN_SIZE=0x2000000
CONFIG_IFD_CHIPSET="adl"
CONFIG_IED_REGION_SIZE=0x400000
CONFIG_GFX_GMA_DEFAULT_MMIO=0xaf000000
CONFIG_MAX_PCH_ROOT_PORTS=12
CONFIG_MAX_CPU_ROOT_PORTS=0
CONFIG_MAX_TBT_ROOT_PORTS=0
CONFIG_MAX_ROOT_PORTS=12
CONFIG_MAX_PCIE_CLOCK_SRC=5
CONFIG_MAX_PCIE_CLOCK_REQ=5
CONFIG_PCR_BASE_ADDRESS=0xfd000000
CONFIG_CPU_BCLK_MHZ=100
CONFIG_SOC_INTEL_PERFORMANCE_CORE_SCALE_FACTOR=127
CONFIG_SOC_INTEL_EFFICIENT_CORE_SCALE_FACTOR=100
CONFIG_SOC_INTEL_COMMON_BLOCK_GSPI_CLOCK_MHZ=120
CONFIG_CPU_XTAL_HZ=38400000
CONFIG_SOC_INTEL_UFS_CLK_FREQ_HZ=19200000
CONFIG_SOC_INTEL_COMMON_BLOCK_GSPI_MAX=7
CONFIG_SOC_INTEL_I2C_DEV_MAX=8
CONFIG_SOC_INTEL_UART_DEV_MAX=7
CONFIG_SOC_INTEL_COMMON_LPSS_UART_CLK_M_VAL=0x25a
CONFIG_SOC_INTEL_COMMON_LPSS_UART_CLK_N_VAL=0x7fff
CONFIG_SOC_INTEL_COMMON_DEBUG_CONSENT=0
CONFIG_DATA_BUS_WIDTH=128
CONFIG_DIMMS_PER_CHANNEL=2
CONFIG_MRC_CHANNEL_WIDTH=16
CONFIG_ENFORCE_MEM_CHANNEL_DISABLE=y
CONFIG_ALDERLAKE_ENABLE_SOC_WORKAROUND=y
CONFIG_SI_DESC_REGION="SI_DESC"
CONFIG_SI_DESC_REGION_SZ=4096
CONFIG_INTEL_GMA_BCLV_OFFSET=0xc8258
CONFIG_INTEL_GMA_BCLV_WIDTH=32
CONFIG_INTEL_GMA_BCLM_OFFSET=0xc8254
CONFIG_INTEL_GMA_BCLM_WIDTH=32
CONFIG_HSPHY_FW_MAX_SIZE=0x8000
CONFIG_SOC_INTEL_COMMON_BLOCK_ACPI_SLP_S0_FREQ_HZ=0x2005
CONFIG_FSP_STATUS_GLOBAL_RESET=0x40000003
CONFIG_MAX_HECI_DEVICES=6
CONFIG_BOOTBLOCK_IN_CBFS=y
CONFIG_HAVE_PAM0_REGISTER=y
CONFIG_PCIEXP_COMMON_CLOCK=y
CONFIG_CPU_INTEL_NUM_FIT_ENTRIES=4
CONFIG_SOC_INTEL_GFX_FRAMEBUFFER_OFFSET=0x0
CONFIG_PCIE_LTR_MAX_SNOOP_LATENCY=0x1003
CONFIG_PCIE_LTR_MAX_NO_SNOOP_LATENCY=0x1003
CONFIG_SOC_INTEL_CSE_FW_PARTITION_CMOS_OFFSET=68
CONFIG_SOC_PHYSICAL_ADDRESS_WIDTH=0
CONFIG_DEBUG_STACK_OVERFLOW_BREAKPOINTS=y
CONFIG_RAMSTAGE_CBFS_CACHE_SIZE=0x4000
CONFIG_CBFS_CACHE_ALIGN=8
CONFIG_FSP_T_LOCATION=0xfffe0000
CONFIG_INTEL_TME=y
CONFIG_SOC_INTEL_COMMON_BLOCK_P2SB=y
CONFIG_FIXED_SMBUS_IO_BASE=0xefa0
CONFIG_UART_BITBANG_TX_DELAY_MS=5
CONFIG_SOC_INTEL_COMMON=y
CONFIG_SOC_INTEL_COMMON_BLOCK=y
CONFIG_SOC_INTEL_COMMON_BLOCK_ACPI=y
CONFIG_SOC_INTEL_COMMON_BLOCK_ACPI_GPIO=y
CONFIG_SOC_INTEL_COMMON_BLOCK_ACPI_LPIT=y
CONFIG_SOC_INTEL_COMMON_BLOCK_ACPI_PEP=y
CONFIG_SOC_INTEL_COMMON_BLOCK_ACPI_PEP_LPM_REQ=y
CONFIG_SOC_INTEL_COMMON_BLOCK_CRASHLOG=y
CONFIG_SOC_INTEL_COMMON_BLOCK_ACPI_CPPC=y
CONFIG_SOC_INTEL_COMMON_BLOCK_ACPI_CPU_HYBRID=y
CONFIG_SOC_INTEL_UFS_OCP_TIMER_DISABLE=y
CONFIG_SOC_INTEL_UFS_LTR_DISQUALIFY=y
CONFIG_SOC_INTEL_COMMON_BLOCK_ASPM=y
CONFIG_SOC_INTEL_COMMON_BLOCK_CHIP_CONFIG=y
CONFIG_SOC_INTEL_COMMON_BLOCK_CNVI=y
CONFIG_SOC_INTEL_COMMON_BLOCK_CPU=y
CONFIG_SOC_INTEL_COMMON_BLOCK_CPU_MPINIT=y
CONFIG_USE_FSP_FEATURE_PROGRAM_ON_APS=y
CONFIG_SOC_INTEL_COMMON_BLOCK_CPU_SMMRELOCATE=y
CONFIG_SOC_INTEL_COMMON_BLOCK_CAR=y
CONFIG_INTEL_CAR_NEM_ENHANCED=y
CONFIG_INTEL_CAR_ENEM_USE_EFFECTIVE_WAY_SIZE=y
CONFIG_CAR_HAS_SF_MASKS=y
CONFIG_COS_MAPPED_TO_MSB=y
CONFIG_CAR_HAS_L3_PROTECTED_WAYS=y
CONFIG_USE_INTEL_FSP_TO_CALL_COREBOOT_PUBLISH_MP_PPI=y
CONFIG_CPU_SUPPORTS_INTEL_TME=y
CONFIG_CPU_SUPPORTS_PM_TIMER_EMULATION=y
CONFIG_HAVE_HYPERTHREADING=y
CONFIG_FSP_HYPERTHREADING=y
CONFIG_SOC_INTEL_COMMON_BLOCK_CSE=y
CONFIG_SOC_INTEL_COMMON_BLOCK_HECI1_DISABLE_USING_PMC_IPC=y
CONFIG_SOC_INTEL_STORE_CSE_FW_VERSION=y
CONFIG_SOC_INTEL_STORE_ISH_FW_VERSION=y
CONFIG_SOC_INTEL_CSE_SEND_EOP_ASYNC=y
CONFIG_SOC_INTEL_CSE_FMAP_NAME="SI_ME"
CONFIG_SOC_INTEL_CSE_RW_CBFS_NAME="me_rw"
CONFIG_SOC_INTEL_CSE_RW_VERSION_CBFS_NAME="me_rw.version"
CONFIG_SOC_INTEL_CSE_SET_EOP=y
CONFIG_SOC_INTEL_CSE_IOM_CBFS_NAME="cse_iom"
CONFIG_SOC_INTEL_CSE_IOM_CBFS_FILE=""
CONFIG_SOC_INTEL_CSE_NPHY_CBFS_NAME="cse_nphy"
CONFIG_SOC_INTEL_CSE_NPHY_CBFS_FILE=""
CONFIG_SOC_INTEL_CSE_LITE_COMPRESS_ME_RW=y
CONFIG_SOC_INTEL_CSE_PRE_CPU_RESET_TELEMETRY=y
CONFIG_SOC_INTEL_CSE_PRE_CPU_RESET_TELEMETRY_V1=y
CONFIG_SOC_INTEL_CSE_LITE_SYNC_IN_RAMSTAGE=y
CONFIG_SOC_INTEL_CSE_HAVE_SPEC_SUPPORT=y
CONFIG_SOC_INTEL_COMMON_BLOCK_ME_SPEC_16=y
CONFIG_ME_SPEC=16
CONFIG_SOC_INTEL_COMMON_BLOCK_DSP=y
CONFIG_SOC_INTEL_COMMON_BLOCK_DTT=y
CONFIG_SOC_INTEL_COMMON_BLOCK_FAST_SPI=y
CONFIG_FAST_SPI_SUPPORTS_EXT_BIOS_WINDOW=y
CONFIG_SOC_INTEL_COMMON_BLOCK_GPIO=y
CONFIG_SOC_INTEL_COMMON_BLOCK_GPIO_ITSS_POL_CFG=y
CONFIG_SOC_INTEL_COMMON_BLOCK_GPIO_DUAL_ROUTE_SUPPORT=y
CONFIG_SOC_INTEL_COMMON_BLOCK_GPIO_LOCK_USING_SBI=y
CONFIG_SOC_INTEL_COMMON_BLOCK_GPMR=y
CONFIG_SOC_INTEL_COMMON_BLOCK_GRAPHICS=y
CONFIG_SOC_INTEL_COMMON_BLOCK_GSPI=y
CONFIG_SOC_INTEL_COMMON_BLOCK_GSPI_VERSION_2=y
CONFIG_SOC_INTEL_COMMON_BLOCK_HDA=y
CONFIG_SOC_INTEL_COMMON_BLOCK_I2C=y
CONFIG_SOC_INTEL_COMMON_BLOCK_IPU=y
CONFIG_SOC_INTEL_COMMON_BLOCK_IRQ=y
CONFIG_SOC_INTEL_COMMON_BLOCK_ITSS=y
CONFIG_SOC_INTEL_COMMON_BLOCK_LPC=y
CONFIG_SOC_INTEL_COMMON_BLOCK_LPC_MIRROR_TO_GPMR=y
CONFIG_SOC_INTEL_COMMON_BLOCK_LPSS=y
CONFIG_SOC_INTEL_COMMON_BLOCK_MEMINIT=y
CONFIG_SOC_INTEL_COMMON_BLOCK_OC_WDT=y
CONFIG_SOC_INTEL_COMMON_BLOCK_BASE_P2SB=y
CONFIG_SOC_INTEL_COMMON_BLOCK_PCIE=y
CONFIG_SOC_INTEL_COMMON_BLOCK_PCIE_RTD3=y
CONFIG_SOC_INTEL_COMMON_BLOCK_PCR=y
CONFIG_SOC_INTEL_COMMON_BLOCK_PMC=y
CONFIG_SOC_INTEL_MEM_MAPPED_PM_CONFIGURATION=y
CONFIG_SOC_INTEL_COMMON_BLOCK_PMC_EPOC=y
CONFIG_PMC_IPC_ACPI_INTERFACE=y
CONFIG_PMC_GLOBAL_RESET_ENABLE_LOCK=y
CONFIG_SOC_INTEL_COMMON_BLOCK_POWER_LIMIT=y
CONFIG_SOC_INTEL_COMMON_BLOCK_RTC=y
CONFIG_SOC_INTEL_COMMON_BLOCK_SATA=y
CONFIG_SOC_INTEL_COMMON_BLOCK_SCS=y
CONFIG_SOC_INTEL_COMMON_MMC_OVERRIDE=y
CONFIG_SOC_INTEL_COMMON_BLOCK_SMBUS=y
CONFIG_SOC_INTEL_COMMON_BLOCK_TCO=y
CONFIG_SOC_INTEL_COMMON_BLOCK_TCO_ENABLE_THROUGH_SMBUS=y
CONFIG_SOC_INTEL_COMMON_BLOCK_SMM=y
CONFIG_SOC_INTEL_COMMON_BLOCK_SMM_IO_TRAP=y
CONFIG_SOC_INTEL_COMMON_BLOCK_SMM_TCO_ENABLE=y
CONFIG_SOC_INTEL_COMMON_BLOCK_SMM_S5_DELAY_MS=100
CONFIG_SOC_INTEL_COMMON_BLOCK_SPI=y
CONFIG_SOC_INTEL_COMMON_BLOCK_SA=y
CONFIG_HAVE_CAPID_A_REGISTER=y
CONFIG_HAVE_BDSM_BGSM_REGISTER=y
CONFIG_SOC_INTEL_COMMON_BLOCK_TCSS=y
CONFIG_TCSS_HAS_USBC_OPS=y
CONFIG_SOC_INTEL_COMMON_BLOCK_THERMAL=y
CONFIG_SOC_INTEL_COMMON_BLOCK_THERMAL_BEHIND_PMC=y
CONFIG_SOC_INTEL_COMMON_BLOCK_TIMER=y
CONFIG_SOC_INTEL_COMMON_BLOCK_UART=y
CONFIG_INTEL_LPSS_UART_FOR_CONSOLE=y
CONFIG_SOC_INTEL_COMMON_BLOCK_USB4=y
CONFIG_SOC_INTEL_COMMON_BLOCK_USB4_PCIE=y
CONFIG_SOC_INTEL_COMMON_BLOCK_USB4_XHCI=y
CONFIG_DEFAULT_SOFTWARE_CONNECTION_MANAGER=y
CONFIG_SOFTWARE_CONNECTION_MANAGER=y
CONFIG_IOM_ACPI_DEVICE_VISIBLE=y
CONFIG_SOC_INTEL_COMMON_BLOCK_VTD=y
CONFIG_SOC_INTEL_COMMON_BLOCK_XDCI=y
CONFIG_SOC_INTEL_COMMON_BLOCK_XHCI=y
CONFIG_SOC_INTEL_COMMON_BLOCK_XHCI_ELOG=y
CONFIG_SOC_INTEL_COMMON_PCH_CLIENT=y
CONFIG_SOC_INTEL_COMMON_PCH_BASE=y
CONFIG_SOC_INTEL_COMMON_PCH_LOCKDOWN=y
CONFIG_PCH_SPECIFIC_BASE_OPTIONS=y
CONFIG_PCH_SPECIFIC_DISCRETE_OPTIONS=y
CONFIG_PCH_SPECIFIC_CLIENT_OPTIONS=y
CONFIG_SOC_INTEL_COMMON_BASECODE=y
CONFIG_SOC_INTEL_COMMON_BASECODE_DEBUG_FEATURE=y
CONFIG_SOC_INTEL_COMMON_BASECODE_RAMTOP=y
CONFIG_SOC_INTEL_COMMON_RESET=y
CONFIG_SOC_INTEL_COMMON_ACPI_WAKE_SOURCE=y
CONFIG_PAVP=y
CONFIG_HAVE_INTEL_COMPLIANCE_TEST_MODE=y
CONFIG_SOC_INTEL_CRASHLOG=y
CONFIG_HAS_INTEL_CPU_ROOT_PORTS=y
CONFIG_CPU_INTEL_FIRMWARE_INTERFACE_TABLE=y
CONFIG_CPU_INTEL_COMMON=y
CONFIG_ENABLE_VMX=y
CONFIG_SET_IA32_FC_LOCK_BIT=y
CONFIG_SET_MSR_AESNI_LOCK_BIT=y
CONFIG_CPU_INTEL_COMMON_VOLTAGE=y
CONFIG_CPU_INTEL_COMMON_SMM=y
CONFIG_PARALLEL_MP=y
CONFIG_PARALLEL_MP_AP_WORK=y
CONFIG_XAPIC_ONLY=y
CONFIG_UDELAY_TSC=y
CONFIG_TSC_MONOTONIC_TIMER=y
CONFIG_HAVE_SMI_HANDLER=y
CONFIG_SMM_TSEG=y
CONFIG_SMM_PCI_RESOURCE_STORE_NUM_SLOTS=8
CONFIG_AP_STACK_SIZE=0x800
CONFIG_SMP=y
CONFIG_SSE=y
CONFIG_SSE2=y
CONFIG_SUPPORT_CPU_UCODE_IN_CBFS=y
CONFIG_USE_CPU_MICROCODE_CBFS_BINS=y
CONFIG_INTEL_DESCRIPTOR_MODE_REQUIRED=y
CONFIG_SOUTHBRIDGE_INTEL_COMMON_SMBUS=y
CONFIG_SOUTHBRIDGE_INTEL_COMMON_PIRQ_ACPI_GEN=y
CONFIG_INTEL_DESCRIPTOR_MODE_CAPABLE=y
CONFIG_FIXED_RCBA_MMIO_BASE=0xfed1c000
CONFIG_RCBA_LENGTH=0x4000
CONFIG_EC_SUPPORTS_DPTF_TEVT=y
CONFIG_EC_GOOGLE_CHROMEEC=y
CONFIG_EC_GOOGLE_CHROMEEC_BOARDID=y
CONFIG_EC_GOOGLE_CHROMEEC_ESPI=y
CONFIG_EC_GOOGLE_CHROMEEC_LPC=y
CONFIG_EC_GOOGLE_CHROMEEC_SKUID=y
CONFIG_EC_GOOGLE_CHROMEEC_SMBIOS=y
CONFIG_EC_GOOGLE_CHROMEEC_SWITCHES=y
CONFIG_EC_GOOGLE_CHROMEEC_READ_BATTERY_LONG_STRING=y
CONFIG_EC_GOOGLE_CHROMEEC_LPC_GENERIC_MEMORY_BASE=0xfe0b0000
CONFIG_EC_GOOGLE_CHROMEEC_LPC_GENERIC_MEMORY_SIZE=0x10000
CONFIG_ME_REGION_ALLOW_CPU_READ_ACCESS=y
CONFIG_UNLOCK_FLASH_REGIONS=y
CONFIG_MAINBOARD_HAS_CHROMEOS=y
CONFIG_CHROMEOS_RAMOOPS=y
CONFIG_CHROMEOS_RAMOOPS_RAM_SIZE=0x00100000
CONFIG_CHROMEOS_DISABLE_PLATFORM_HIERARCHY_ON_RESUME=y
CONFIG_CHROMEOS_DRAM_PART_NUMBER_IN_CBI=y
CONFIG_CHROMEOS_NVS=y
CONFIG_CHROMEOS_ENABLE_ESOL=y
CONFIG_CHROMEOS_PVMFW_CBMEM=y
CONFIG_CHROMEOS_PVMFW_CBMEM_SIZE=0x400000
CONFIG_GOOGLE_SMBIOS_MAINBOARD_VERSION=y
CONFIG_ACPI_FNKEY_GEN_SCANCODE=0
CONFIG_UDK_BASE=y
CONFIG_UDK_202111_BINDING=y
CONFIG_UDK_2013_VERSION=2013
CONFIG_UDK_2017_VERSION=2017
CONFIG_UDK_202005_VERSION=202005
CONFIG_UDK_202111_VERSION=202111
CONFIG_UDK_202302_VERSION=202302
CONFIG_UDK_202305_VERSION=202305
CONFIG_UDK_VERSION=202111
CONFIG_ARCH_X86=y
CONFIG_ARCH_BOOTBLOCK_X86_32=y
CONFIG_ARCH_VERSTAGE_X86_32=y
CONFIG_ARCH_ROMSTAGE_X86_32=y
CONFIG_ARCH_POSTCAR_X86_32=y
CONFIG_ARCH_RAMSTAGE_X86_32=y
CONFIG_ARCH_ALL_STAGES_X86_32=y
CONFIG_RESERVED_PHYSICAL_ADDRESS_BITS_SUPPORT=y
CONFIG_X86_CUSTOM_BOOTMEDIA=y
CONFIG_POSTRAM_CBFS_CACHE_IN_BSS=y
CONFIG_PC80_SYSTEM=y
CONFIG_POSTCAR_STAGE=y
CONFIG_COLLECT_TIMESTAMPS_TSC=y
CONFIG_IDT_IN_EVERY_STAGE=y
CONFIG_HAVE_CF9_RESET=y
CONFIG_DEBUG_HW_BREAKPOINTS=y
CONFIG_DEBUG_HW_BREAKPOINTS_IN_ALL_STAGES=y
CONFIG_DEBUG_NULL_DEREF_BREAKPOINTS=y
CONFIG_DEBUG_NULL_DEREF_BREAKPOINTS_IN_ALL_STAGES=y
CONFIG_X86_BOOTBLOCK_EXTRA_PROGRAM_SZ=1024
CONFIG_DEFAULT_EBDA_LOWMEM=0x100000
CONFIG_DEFAULT_EBDA_SEGMENT=0xF600
CONFIG_DEFAULT_EBDA_SIZE=0x400
CONFIG_HAVE_LINEAR_FRAMEBUFFER=y
CONFIG_HAVE_FSP_GOP=y
CONFIG_MAINBOARD_HAS_EARLY_LIBGFXINIT=y
CONFIG_RUN_FSP_GOP=y
CONFIG_MAINBOARD_USE_EARLY_LIBGFXINIT=y
CONFIG_WANT_LINEAR_FRAMEBUFFER=y
CONFIG_GENERIC_LINEAR_FRAMEBUFFER=y
CONFIG_LINEAR_FRAMEBUFFER=y
CONFIG_DEFAULT_SCREEN_ROTATION_INT=0
CONFIG_PCI=y
CONFIG_ECAM_MMCONF_SUPPORT=y
CONFIG_PCIX_PLUGIN_SUPPORT=y
CONFIG_AZALIA_HDA_CODEC_SUPPORT=y
CONFIG_AZALIA_USE_LEGACY_VERB_TABLE=y
CONFIG_PCIEXP_PLUGIN_SUPPORT=y
CONFIG_ECAM_MMCONF_LENGTH=0x10000000
CONFIG_PCI_ALLOW_BUS_MASTER=y
CONFIG_PCI_SET_BUS_MASTER_PCI_BRIDGES=y
CONFIG_PCI_ALLOW_BUS_MASTER_ANY_DEVICE=y
CONFIG_SUBSYSTEM_VENDOR_ID=0x0000
CONFIG_SUBSYSTEM_DEVICE_ID=0x0000
CONFIG_INTEL_GMA_HAVE_VBT=y
CONFIG_INTEL_GMA_ADD_VBT=y
CONFIG_I2C_TRANSFER_TIMEOUT_US=500000
CONFIG_RESOURCE_ALLOCATION_TOP_DOWN=y
CONFIG_DRAM_SUPPORT_DDR5=y
CONFIG_DRAM_SUPPORT_DDR4=y
CONFIG_CRB_TPM_BASE_ADDRESS=0xfed40000
CONFIG_ELOG=y
CONFIG_CACHE_MRC_SETTINGS=y
CONFIG_MRC_SETTINGS_PROTECT=y
CONFIG_HAS_RECOVERY_MRC_CACHE=y
CONFIG_MRC_SAVE_HASH_IN_TPM=y
CONFIG_MRC_CACHE_USING_MRC_VERSION=y
CONFIG_DRIVERS_AUDIO_SOF=y
CONFIG_SPI_FLASH=y
CONFIG_BOOT_DEVICE_SPI_FLASH_RW_NOMMAP=y
CONFIG_BOOT_DEVICE_SPI_FLASH_RW_NOMMAP_EARLY=y
CONFIG_SPI_FLASH_SMM=y
CONFIG_DRIVERS_UART=y
CONFIG_DRIVERS_UART_8250MEM=y
CONFIG_DRIVERS_UART_8250MEM_32=y
CONFIG_VPD=y
CONFIG_VPD_FMAP_NAME="RO_VPD"
CONFIG_VPD_FMAP_SIZE=0x4000
CONFIG_DRIVERS_GENERIC_ALC1015=y
CONFIG_DRIVERS_GENERIC_GPIO_KEYS=y
CONFIG_DRIVERS_GENERIC_MAX98357A=y
CONFIG_DRIVERS_GFX_GENERIC=y
CONFIG_DRIVERS_I2C_DESIGNWARE=y
CONFIG_DRIVERS_I2C_GENERIC=y
CONFIG_DRIVERS_I2C_HID=y
CONFIG_DRIVERS_I2C_NAU8825=y
CONFIG_DRIVERS_I2C_RT5645=y
CONFIG_DRIVERS_I2C_SX9324=y
CONFIG_DRIVERS_I2C_SX9324_SUPPORT_LEGACY_LINUX_DRIVER=y
CONFIG_I2C_TPM=y
CONFIG_DRIVER_TIS_DEFAULT=y
CONFIG_DRIVER_I2C_TPM_ACPI=y
CONFIG_DRIVERS_INTEL_DPTF=y
CONFIG_DRIVERS_INTEL_DPTF_SUPPORTS_TPCH=y
CONFIG_PLATFORM_USES_FSP2_0=y
CONFIG_PLATFORM_USES_FSP2_1=y
CONFIG_PLATFORM_USES_FSP2_2=y
CONFIG_PLATFORM_USES_FSP2_X86_32=y
CONFIG_FSP_S_CBFS="fsps.bin"
CONFIG_FSP_M_CBFS="fspm.bin"
CONFIG_FSP_T_RESERVED_SIZE=0x0
CONFIG_FSP_M_XIP=y
CONFIG_FSP_USES_CB_STACK=y
CONFIG_FSP_COMPRESS_FSP_S_LZ4=y
CONFIG_SOC_INTEL_COMMON_FSP_RESET=y
CONFIG_FSPS_HAS_ARCH_UPD=y
CONFIG_FSPS_USE_MULTI_PHASE_INIT=y
CONFIG_FSP_USES_CB_DEBUG_EVENT_HANDLER=y
CONFIG_FSP_ENABLE_SERIAL_DEBUG=y
CONFIG_FSP_MULTIPHASE_SI_INIT_RETURN_BROKEN=y
CONFIG_FSP_VGA_MODE12_BPP=0x0
CONFIG_INTEL_GMA_ACPI=y
CONFIG_VBT_CBFS_COMPRESSION_LZMA=y
CONFIG_VBT_CBFS_COMPRESSION_ALGORITHM="lzma"
CONFIG_EARLY_GFX_GMA=y
CONFIG_INTEL_GMA_OPREGION_2_1=y
CONFIG_INTEL_GMA_VERSION_2=y
CONFIG_GFX_GMA_DYN_CPU=y
CONFIG_GFX_GMA_GENERATION="Tigerlake"
CONFIG_GFX_GMA_PCH="Alder_Point"
CONFIG_GFX_GMA_PANEL_2_PORT="Disabled"
CONFIG_GFX_GMA_ANALOG_I2C_PORT="PCH_DAC"
CONFIG_DRIVERS_INTEL_ISH=y
CONFIG_DRIVERS_INTEL_PMC=y
CONFIG_DRIVERS_INTEL_SOUNDWIRE=y
CONFIG_DRIVERS_MC146818=y
CONFIG_USE_PC_CMOS_ALTCENTURY=y
CONFIG_PC_CMOS_BASE_PORT_BANK0=0x70
CONFIG_ROMSTAGE_VGA=y
CONFIG_DRIVERS_SOUNDWIRE_ALC5682=y
CONFIG_DRIVERS_SOUNDWIRE_MAX98373=y
CONFIG_DRIVERS_SPI_ACPI=y
CONFIG_DRIVERS_USB_ACPI=y
CONFIG_DRIVERS_WIFI_GENERIC=y
CONFIG_DRIVERS_MTK_WIFI=y
CONFIG_USE_SAR=y
CONFIG_SAR_ENABLE=y
CONFIG_DSAR_ENABLE=y
CONFIG_GEO_SAR_ENABLE=y
CONFIG_WIFI_SAR_CBFS_FILEPATH=""
CONFIG_DSAR_SET_NUM=0x3
CONFIG_DRIVERS_WWAN_FM350GL=y
CONFIG_MP_SERVICES_PPI=y
CONFIG_MP_SERVICES_PPI_V2=y
CONFIG_DRIVERS_INTEL_USB4_RETIMER=y
CONFIG_CBFS_VERIFICATION=y
CONFIG_CBFS_ALLOW_UNVERIFIED_DECOMPRESSION=y
CONFIG_CBFS_HASH_ALGO=2
CONFIG_CBFS_HASH_SHA256=y
CONFIG_VBOOT_LIB=y
CONFIG_VBOOT_VBNV_CMOS=y
CONFIG_VBOOT_VBNV_CMOS_BACKUP_TO_FLASH=y
CONFIG_VBOOT_MUST_REQUEST_DISPLAY=y
CONFIG_VBOOT_HAS_REC_HASH_SPACE=y
CONFIG_VBOOT_LID_SWITCH=y
CONFIG_CBFS_MCACHE_RW_PERCENTAGE=50
CONFIG_VBOOT_X86_SHA256_ACCELERATION=y
CONFIG_VBOOT_GSC_BOARD_ID="ZZCR"
CONFIG_GBB_BMPFV_FILE=""
CONFIG_GBB_FLAG_FORCE_DEV_BOOT_USB=y
CONFIG_GBB_FLAG_DISABLE_FW_ROLLBACK_CHECK=y
CONFIG_VBOOT_ROOT_KEY="$(VBOOT_SOURCE)/tests/devkeys/root_key.vbpubk"
CONFIG_VBOOT_RECOVERY_KEY="$(VBOOT_SOURCE)/tests/devkeys/recovery_key.vbpubk"
CONFIG_VBOOT_FIRMWARE_PRIVKEY="$(VBOOT_SOURCE)/tests/devkeys/firmware_data_key.vbprivk"
CONFIG_VBOOT_KERNEL_KEY="$(VBOOT_SOURCE)/tests/devkeys/kernel_subkey.vbpubk"
CONFIG_VBOOT_KEYBLOCK="$(VBOOT_SOURCE)/tests/devkeys/firmware.keyblock"
CONFIG_VBOOT_KEYBLOCK_VERSION=1
CONFIG_VBOOT_KEYBLOCK_PREAMBLE_FLAGS=0x0
CONFIG_VBOOT_GSCVD_ROOT_PUBKEY="$(VBOOT_SOURCE)/tests/devkeys/arv_root.vbpubk"
CONFIG_VBOOT_GSCVD_PLATFORM_PRIVKEY="$(VBOOT_SOURCE)/tests/devkeys/arv_platform.vbprivk"
CONFIG_VBOOT_GSCVD_PLATFORM_KEYBLOCK="$(VBOOT_SOURCE)/tests/devkeys/arv_platform.keyblock"
CONFIG_TPM_GOOGLE=y
CONFIG_TPM_GOOGLE_TI50=y
CONFIG_TPM_GOOGLE_IMMEDIATELY_COMMIT_FW_SECDATA=y
CONFIG_GOOGLE_TPM_IRQ_TIMEOUT_MS=750
CONFIG_TPM2=y
CONFIG_TPM=y
CONFIG_MAINBOARD_HAS_TPM2=y
CONFIG_PCR_BOOT_MODE=0
CONFIG_PCR_HWID=1
CONFIG_PCR_SRTM=2
CONFIG_PCR_FW_VER=10
CONFIG_PCR_RUNTIME_DATA=3
CONFIG_TPM_SETUP_HIBERNATE_ON_ERR=y
CONFIG_PLATFORM_HAS_DRAM_CLEAR=y
CONFIG_INTEL_TXT_LIB=y
CONFIG_BOOTMEDIA_LOCK_NONE=y
CONFIG_ACPI_HAVE_PCAT_8259=y
CONFIG_ACPI_INTEL_HARDWARE_SLEEP_VALUES=y
CONFIG_ACPI_SOC_NVS=y
CONFIG_ACPI_CUSTOM_MADT=y
CONFIG_ACPI_COMMON_MADT_IOAPIC=y
CONFIG_HAVE_ACPI_TABLES=y
CONFIG_ACPI_LPIT=y
CONFIG_BOOT_DEVICE_SPI_FLASH=y
CONFIG_BOOT_DEVICE_MEMORY_MAPPED=y
CONFIG_BOOT_DEVICE_SUPPORTS_WRITES=y
CONFIG_RTC=y
CONFIG_BOOTBLOCK_CONSOLE=y
CONFIG_POSTCAR_CONSOLE=y
CONFIG_SQUELCH_EARLY_SMP=y
CONFIG_FIXED_UART_FOR_CONSOLE=y
CONFIG_TTYS0_BASE=0x3f8
CONFIG_CONSOLE_SERIAL_115200=y
CONFIG_TTYS0_LCS=3
CONFIG_CONSOLE_CBMEM=y
CONFIG_DEFAULT_CONSOLE_LOGLEVEL_8=y
CONFIG_DEFAULT_CONSOLE_LOGLEVEL=8
CONFIG_CONSOLE_USE_LOGLEVEL_PREFIX=y
CONFIG_CONSOLE_USE_ANSI_ESCAPES=y
CONFIG_POST_DEVICE_NONE=y
CONFIG_POST_IO_PORT=0x80
CONFIG_HWBASE_DEBUG_CB=y
CONFIG_ACPI_S1_NOT_SUPPORTED=y
CONFIG_HAVE_ACPI_RESUME=y
CONFIG_RESUME_PATH_SAME_AS_BOOT=y
CONFIG_HAVE_MONOTONIC_TIMER=y
CONFIG_HAVE_CBFS_FILE_OPTION_BACKEND=y
CONFIG_IOAPIC=y
CONFIG_GENERATE_SMBIOS_TABLES=y
CONFIG_BIOS_VENDOR="coreboot"
CONFIG_MAINBOARD_SERIAL_NUMBER="123456789"
CONFIG_DISPLAY_FSP_VERSION_INFO=y
CONFIG_HAVE_GPIO_SNAPSHOT_VERIFY_SUPPORT=y
CONFIG_HAVE_DEBUG_GPIO=y
CONFIG_HAVE_DEBUG_RAM_SETUP=y
CONFIG_HAVE_DEBUG_SMBUS=y
CONFIG_HAVE_EM100_SUPPORT=y
CONFIG_ROMSTAGE_ADA=y
CONFIG_ROMSTAGE_LIBHWBASE=y
CONFIG_HAVE_SPD_IN_CBFS=y
CONFIG_HWBASE_STATIC_MMIO=y
CONFIG_HWBASE_DEFAULT_MMCONF=0xc0000000
CONFIG_HWBASE_DIRECT_PCIDEV=y
CONFIG_DECOMPRESS_OFAST=y
CONFIG_HAVE_ESOL_SUPPORT_FOR_LOW_BATTERY_INDICATOR=y
CONFIG_HAVE_EARLY_POWEROFF_SUPPORT=y
CONFIG_WARNINGS_ARE_ERRORS=y
CONFIG_MAX_REBOOT_CNT=3
CONFIG_RELOCATABLE_MODULES=y
CONFIG_GENERIC_GPIO_LIB=y
CONFIG_HAVE_BOOTBLOCK=y
CONFIG_HAVE_ROMSTAGE=y
CONFIG_HAVE_RAMSTAGE=y
